Unity Editor version:    2022.3.12f1 (4fe6e059c7ef)
Branch:                  2022.3/release
Build type:              Release
Batch mode:              YES
macOS version:           Version 14.1.1 (Build 23B81)
Darwin version:          23.1.0
Architecture:            arm64
Running under Rosetta:   NO
Available memory:        32768 MB
Using pre-set license
Pro License: YES

COMMAND LINE ARGUMENTS:
/Applications/Unity/Hub/Editor/2022.3.12f1/Unity.app/Contents/MacOS/Unity
-adb2
-batchMode
-noUpm
-name
AssetImportWorker1
-projectPath
/Users/romaneliasvalencia/Library/CloudStorage/OneDrive-InstitutoTecnologicoydeEstudiosSuperioresdeMonterrey/CCM/ITC/5to Semestre/Modelación de sistemas multiagentes con gráficas computacionales/Evidencia 1/Evidencia1/Evidencia1-Unity
-logFile
Logs/AssetImportWorker1.log
-srvPort
55967
Successfully changed project path to: /Users/romaneliasvalencia/Library/CloudStorage/OneDrive-InstitutoTecnologicoydeEstudiosSuperioresdeMonterrey/CCM/ITC/5to Semestre/Modelación de sistemas multiagentes con gráficas computacionales/Evidencia 1/Evidencia1/Evidencia1-Unity
/Users/romaneliasvalencia/Library/CloudStorage/OneDrive-InstitutoTecnologicoydeEstudiosSuperioresdeMonterrey/CCM/ITC/5to Semestre/Modelación de sistemas multiagentes con gráficas computacionales/Evidencia 1/Evidencia1/Evidencia1-Unity
[UnityMemory] Configuration Parameters - Can be set up in boot.config
    "memorysetup-bucket-allocator-granularity=16"
    "memorysetup-bucket-allocator-bucket-count=8"
    "memorysetup-bucket-allocator-block-size=33554432"
    "memorysetup-bucket-allocator-block-count=8"
    "memorysetup-main-allocator-block-size=16777216"
    "memorysetup-thread-allocator-block-size=16777216"
    "memorysetup-gfx-main-allocator-block-size=16777216"
    "memorysetup-gfx-thread-allocator-block-size=16777216"
    "memorysetup-cache-allocator-block-size=4194304"
    "memorysetup-typetree-allocator-block-size=2097152"
    "memorysetup-profiler-bucket-allocator-granularity=16"
    "memorysetup-profiler-bucket-allocator-bucket-count=8"
    "memorysetup-profiler-bucket-allocator-block-size=33554432"
    "memorysetup-profiler-bucket-allocator-block-count=8"
    "memorysetup-profiler-allocator-block-size=16777216"
    "memorysetup-profiler-editor-allocator-block-size=1048576"
    "memorysetup-temp-allocator-size-main=16777216"
    "memorysetup-job-temp-allocator-block-size=2097152"
    "memorysetup-job-temp-allocator-block-size-background=1048576"
    "memorysetup-job-temp-allocator-reduction-small-platforms=262144"
    "memorysetup-allocator-temp-initial-block-size-main=262144"
    "memorysetup-allocator-temp-initial-block-size-worker=262144"
    "memorysetup-temp-allocator-size-background-worker=32768"
    "memorysetup-temp-allocator-size-job-worker=262144"
    "memorysetup-temp-allocator-size-preload-manager=33554432"
    "memorysetup-temp-allocator-size-nav-mesh-worker=65536"
    "memorysetup-temp-allocator-size-audio-worker=65536"
    "memorysetup-temp-allocator-size-cloud-worker=32768"
    "memorysetup-temp-allocator-size-gi-baking-worker=262144"
    "memorysetup-temp-allocator-size-gfx=262144"
Player connection [7935909568] Host "[IP] 10.48.224.180 [Port] 0 [Flags] 2 [Guid] 1124796179 [EditorId] 1124796179 [Version] 1048832 [Id] OSXEditor(0,Romans-MacBook-Pro-M2.local) [Debug] 1 [PackageName] OSXEditor [ProjectName] Editor" joined multi-casting on [225.0.0.222:54997]...

Player connection [7935909568] Host "[IP] 10.48.224.180 [Port] 0 [Flags] 2 [Guid] 1124796179 [EditorId] 1124796179 [Version] 1048832 [Id] OSXEditor(0,Romans-MacBook-Pro-M2.local) [Debug] 1 [PackageName] OSXEditor [ProjectName] Editor" joined alternative multi-casting on [225.0.0.222:34997]...

[Physics::Module] Initialized MultithreadedJobDispatcher with 11 workers.
Refreshing native plugins compatible for Editor in 3.81 ms, found 2 plugins.
Preloading 0 native plugins for Editor in 0.00 ms.
Initialize engine version: 2022.3.12f1 (4fe6e059c7ef)
[Subsystems] Discovering subsystems at path /Applications/Unity/Hub/Editor/2022.3.12f1/Unity.app/Contents/Resources/UnitySubsystems
[Subsystems] Discovering subsystems at path /Users/romaneliasvalencia/Library/CloudStorage/OneDrive-InstitutoTecnologicoydeEstudiosSuperioresdeMonterrey/CCM/ITC/5to Semestre/Modelación de sistemas multiagentes con gráficas computacionales/Evidencia 1/Evidencia1/Evidencia1-Unity/Assets
GfxDevice: creating device client; threaded=0; jobified=0
 preferred device: Apple M2 Max (high power)
Metal devices available: 1
0: Apple M2 Max (high power)
Using device Apple M2 Max (high power)
Initializing Metal device caps: Apple M2 Max
Initialize mono
Mono path[0] = '/Applications/Unity/Hub/Editor/2022.3.12f1/Unity.app/Contents/Managed'
Mono path[1] = '/Applications/Unity/Hub/Editor/2022.3.12f1/Unity.app/Contents/MonoBleedingEdge/lib/mono/unityjit-macos'
Mono config path = '/Applications/Unity/Hub/Editor/2022.3.12f1/Unity.app/Contents/MonoBleedingEdge/etc'
Using monoOptions --debugger-agent=transport=dt_socket,embedding=1,server=y,suspend=n,address=127.0.0.1:56968
Begin MonoManager ReloadAssembly
Registering precompiled unity dll's ...
Register platform support module: /Applications/Unity/Hub/Editor/2022.3.12f1/PlaybackEngines/WebGLSupport/UnityEditor.WebGL.Extensions.dll
Register platform support module: /Applications/Unity/Hub/Editor/2022.3.12f1/Unity.app/Contents/PlaybackEngines/MacStandaloneSupport/UnityEditor.OSXStandalone.Extensions.dll
Registered in 0.001191 seconds.
- Loaded All Assemblies, in  0.184 seconds
Native extension for OSXStandalone target not found
Native extension for WebGL target not found
Mono: successfully reloaded assembly
- Finished resetting the current domain, in  0.135 seconds
Domain Reload Profiling: 319ms
	BeginReloadAssembly (44ms)
		ExecutionOrderSort (0ms)
		DisableScriptedObjects (0ms)
		BackupInstance (0ms)
		ReleaseScriptingObjects (0ms)
		CreateAndSetChildDomain (0ms)
	RebuildCommonClasses (21ms)
	RebuildNativeTypeToScriptingClass (7ms)
	initialDomainReloadingComplete (27ms)
	LoadAllAssembliesAndSetupDomain (84ms)
		LoadAssemblies (44ms)
		RebuildTransferFunctionScriptingTraits (0ms)
		AnalyzeDomain (83ms)
			TypeCache.Refresh (82ms)
				TypeCache.ScanAssembly (74ms)
			ScanForSourceGeneratedMonoScriptInfo (0ms)
			ResolveRequiredComponents (0ms)
	FinalizeReload (135ms)
		ReleaseScriptCaches (0ms)
		RebuildScriptCaches (0ms)
		SetupLoadedEditorAssemblies (102ms)
			LogAssemblyErrors (0ms)
			InitializePlatformSupportModulesInManaged (4ms)
			SetLoadedEditorAssemblies (3ms)
			RefreshPlugins (0ms)
			BeforeProcessingInitializeOnLoad (1ms)
			ProcessInitializeOnLoadAttributes (69ms)
			ProcessInitializeOnLoadMethodAttributes (24ms)
			AfterProcessingInitializeOnLoad (0ms)
			EditorAssembliesLoaded (0ms)
		ExecutionOrderSort2 (0ms)
		AwakeInstancesAfterBackupRestoration (0ms)
========================================================================
Worker process is ready to serve import requests
Begin MonoManager ReloadAssembly
- Loaded All Assemblies, in  0.330 seconds
Refreshing native plugins compatible for Editor in 0.76 ms, found 2 plugins.
Native extension for OSXStandalone target not found
Native extension for WebGL target not found
Package Manager log level set to [2]
[Package Manager] Server::EnsureServerProcessIsRunning -- launch failed, reason: Unity was launched with the -noUpm command-line argument
[Package Manager] UpmClient::Send -- Unable to send message (not connected to UPM process).
[Package Manager] Cannot connect to Unity Package Manager local server
Mono: successfully reloaded assembly
- Finished resetting the current domain, in  0.364 seconds
Domain Reload Profiling: 694ms
	BeginReloadAssembly (66ms)
		ExecutionOrderSort (0ms)
		DisableScriptedObjects (3ms)
		BackupInstance (0ms)
		ReleaseScriptingObjects (0ms)
		CreateAndSetChildDomain (15ms)
	RebuildCommonClasses (21ms)
	RebuildNativeTypeToScriptingClass (7ms)
	initialDomainReloadingComplete (19ms)
	LoadAllAssembliesAndSetupDomain (218ms)
		LoadAssemblies (148ms)
		RebuildTransferFunctionScriptingTraits (0ms)
		AnalyzeDomain (98ms)
			TypeCache.Refresh (89ms)
				TypeCache.ScanAssembly (79ms)
			ScanForSourceGeneratedMonoScriptInfo (6ms)
			ResolveRequiredComponents (2ms)
	FinalizeReload (364ms)
		ReleaseScriptCaches (0ms)
		RebuildScriptCaches (0ms)
		SetupLoadedEditorAssemblies (283ms)
			LogAssemblyErrors (0ms)
			InitializePlatformSupportModulesInManaged (3ms)
			SetLoadedEditorAssemblies (2ms)
			RefreshPlugins (0ms)
			BeforeProcessingInitializeOnLoad (30ms)
			ProcessInitializeOnLoadAttributes (238ms)
			ProcessInitializeOnLoadMethodAttributes (9ms)
			AfterProcessingInitializeOnLoad (1ms)
			EditorAssembliesLoaded (0ms)
		ExecutionOrderSort2 (0ms)
		AwakeInstancesAfterBackupRestoration (2ms)
Launching external process: /Applications/Unity/Hub/Editor/2022.3.12f1/Unity.app/Contents/Tools/UnityShaderCompiler
Launched and connected shader compiler UnityShaderCompiler after 0.04 seconds
Refreshing native plugins compatible for Editor in 0.76 ms, found 2 plugins.
Preloading 0 native plugins for Editor in 0.00 ms.
Unloading 3083 Unused Serialized files (Serialized files now loaded: 0)
Unloading 32 unused Assets / (51.1 KB). Loaded Objects now: 3545.
Memory consumption went from 129.3 MB to 129.3 MB.
Total: 2.362375 ms (FindLiveObjects: 0.088542 ms CreateObjectMapping: 0.040833 ms MarkObjects: 2.168708 ms  DeleteObjects: 0.063917 ms)

AssetImportParameters requested are different than current active one (requested -> active):
  custom:container-demuxer-ogg: 62fdf1f143b41e24485cea50d1cbac27 -> 
  custom:video-decoder-ogg-theora: a1e56fd34408186e4bbccfd4996cb3dc -> 
  custom:CustomObjectIndexerAttribute: 756ad292c208cfabdd7b50bc23989ffe -> 
  custom:container-demuxer-webm: 4f35f7cbe854078d1ac9338744f61a02 -> 
  custom:container-muxer-webm: aa71ff27fc2769a1b78a27578f13a17b -> 
  custom:video-decoder-webm-vp8: 9c59270c3fd7afecdb556c50c9e8de78 -> 
  custom:SearchIndexIgnoredProperties: e643bd26f0fe6173181afceb89e7c659 -> 
  custom:AudioImporter_EditorPlatform: 3918e3fc78b5a79bad01e8451be0beb8 -> 
  custom:framework-osx-AVFoundation: e770b220cccbd017edd2c1fefb359320 -> 
  custom:video-encoder-webm-vp8: eb34c28f22e8b96e1ab97ce403110664 -> 
  custom:audio-decoder-ogg-vorbis: bf7c407c2cedff20999df2af8eb42d56 -> 
  custom:audio-encoder-webm-vorbis: bf7c407c2cedff20999df2af8eb42d56 -> 
========================================================================
Received Import Request.
  Time since last request: 3732.436034 seconds.
  path: Assets/THYRA/Prefabs/Thyra-armor.prefab
  artifactKey: Guid(b6f5548a2cfa50c41a3fa5c6529ff11e) Importer(815301076,1909f56bfc062723c751e8b465ee728b)
Start importing Assets/THYRA/Prefabs/Thyra-armor.prefab using Guid(b6f5548a2cfa50c41a3fa5c6529ff11e) Importer(815301076,1909f56bfc062723c751e8b465ee728b)  -> (artifact id: 'f61547621827fc96ec98926afe5b2914') in 0.054371 seconds
Number of updated asset objects reloaded before import = 0
Number of asset objects unloaded after import = 26
========================================================================
Received Import Request.
  Time since last request: 66.152633 seconds.
  path: Assets/Decorations/bench_1_v_2.fbx
  artifactKey: Guid(119998b4b71309b4797177897219b79c) Importer(815301076,1909f56bfc062723c751e8b465ee728b)
Start importing Assets/Decorations/bench_1_v_2.fbx using Guid(119998b4b71309b4797177897219b79c) Importer(815301076,1909f56bfc062723c751e8b465ee728b)  -> (artifact id: 'de9d80399ff56155126b84c78545419b') in 0.332489 seconds
Number of updated asset objects reloaded before import = 0
Number of asset objects unloaded after import = 11
========================================================================
Received Import Request.
  Time since last request: 0.000044 seconds.
  path: Assets/Decorations/road_intersection_X 1.fbx
  artifactKey: Guid(30b62ebb1b2c74445adf93ec7865cfdb) Importer(815301076,1909f56bfc062723c751e8b465ee728b)
Start importing Assets/Decorations/road_intersection_X 1.fbx using Guid(30b62ebb1b2c74445adf93ec7865cfdb) Importer(815301076,1909f56bfc062723c751e8b465ee728b)  -> (artifact id: '1c633ac0f012c9120f9013c13b06f079') in 0.006437 seconds
Number of updated asset objects reloaded before import = 0
Number of asset objects unloaded after import = 13
========================================================================
Received Import Request.
  Time since last request: 0.000031 seconds.
  path: Assets/Decorations/road_v_3.fbx
  artifactKey: Guid(0cb0dc0a38702cb499cce153d520c3f5) Importer(815301076,1909f56bfc062723c751e8b465ee728b)
Start importing Assets/Decorations/road_v_3.fbx using Guid(0cb0dc0a38702cb499cce153d520c3f5) Importer(815301076,1909f56bfc062723c751e8b465ee728b)  -> (artifact id: '3d53cbf72e56d282c2aff3865f4c8de0') in 0.010189 seconds
Number of updated asset objects reloaded before import = 0
Number of asset objects unloaded after import = 18
========================================================================
Received Import Request.
  Time since last request: 0.000033 seconds.
  path: Assets/Decorations/car_green.fbx
  artifactKey: Guid(d5b6d350b0446fd4bb81980150a0507e) Importer(815301076,1909f56bfc062723c751e8b465ee728b)
Start importing Assets/Decorations/car_green.fbx using Guid(d5b6d350b0446fd4bb81980150a0507e) Importer(815301076,1909f56bfc062723c751e8b465ee728b)  -> (artifact id: 'f19b095531fb64a57eb0b193aa4b112d') in 0.005336 seconds
Number of updated asset objects reloaded before import = 0
Number of asset objects unloaded after import = 13
========================================================================
Received Import Request.
  Time since last request: 0.000025 seconds.
  path: Assets/Decorations/car_red.fbx
  artifactKey: Guid(39d371fa45fd6c146bb29d40fb1a764f) Importer(815301076,1909f56bfc062723c751e8b465ee728b)
Start importing Assets/Decorations/car_red.fbx using Guid(39d371fa45fd6c146bb29d40fb1a764f) Importer(815301076,1909f56bfc062723c751e8b465ee728b)  -> (artifact id: '6a778f1b83586b00903b759b0310bd4c') in 0.005711 seconds
Number of updated asset objects reloaded before import = 0
Number of asset objects unloaded after import = 13
========================================================================
Received Import Request.
  Time since last request: 0.000041 seconds.
  path: Assets/Decorations/sign_1.fbx
  artifactKey: Guid(c61fd44c19fb00d48b75167934722233) Importer(815301076,1909f56bfc062723c751e8b465ee728b)
Start importing Assets/Decorations/sign_1.fbx using Guid(c61fd44c19fb00d48b75167934722233) Importer(815301076,1909f56bfc062723c751e8b465ee728b)  -> (artifact id: '343777d1e152540d966f356d69831a29') in 0.004408 seconds
Number of updated asset objects reloaded before import = 0
Number of asset objects unloaded after import = 11
========================================================================
Received Import Request.
  Time since last request: 0.000070 seconds.
  path: Assets/Decorations/bench_2_v_1.fbx
  artifactKey: Guid(3e3850fd8012e494fae8f1ef444dc2e2) Importer(815301076,1909f56bfc062723c751e8b465ee728b)
Start importing Assets/Decorations/bench_2_v_1.fbx using Guid(3e3850fd8012e494fae8f1ef444dc2e2) Importer(815301076,1909f56bfc062723c751e8b465ee728b)  -> (artifact id: 'fd2e0dcaaaee21a24ef0b8ba6748851c') in 0.005249 seconds
Number of updated asset objects reloaded before import = 0
Number of asset objects unloaded after import = 11
========================================================================
Received Import Request.
  Time since last request: 0.000061 seconds.
  path: Assets/Decorations/road_stop.fbx
  artifactKey: Guid(bc014c26716b82a4dba4ae3c3bbf1d0b) Importer(815301076,1909f56bfc062723c751e8b465ee728b)
Start importing Assets/Decorations/road_stop.fbx using Guid(bc014c26716b82a4dba4ae3c3bbf1d0b) Importer(815301076,1909f56bfc062723c751e8b465ee728b)  -> (artifact id: 'e51fb8f04463e2010c01dab63d235b0b') in 0.005123 seconds
Number of updated asset objects reloaded before import = 0
Number of asset objects unloaded after import = 12
========================================================================
Received Import Request.
  Time since last request: 0.000058 seconds.
  path: Assets/Decorations/road_v_1.fbx
  artifactKey: Guid(e76f46822b86040409282562a85ce324) Importer(815301076,1909f56bfc062723c751e8b465ee728b)
Start importing Assets/Decorations/road_v_1.fbx using Guid(e76f46822b86040409282562a85ce324) Importer(815301076,1909f56bfc062723c751e8b465ee728b)  -> (artifact id: '419f527bfe7de5f5c05fda23fb9a4311') in 0.006278 seconds
Number of updated asset objects reloaded before import = 0
Number of asset objects unloaded after import = 17
========================================================================
Received Import Request.
  Time since last request: 0.000029 seconds.
  path: Assets/Decorations/road_intersection_X.fbx
  artifactKey: Guid(9ece6282cbf2b43409be328c6433c4e4) Importer(815301076,1909f56bfc062723c751e8b465ee728b)
Start importing Assets/Decorations/road_intersection_X.fbx using Guid(9ece6282cbf2b43409be328c6433c4e4) Importer(815301076,1909f56bfc062723c751e8b465ee728b)  -> (artifact id: '0dc949e370b5627f4cbe3212789430f9') in 0.005282 seconds
Number of updated asset objects reloaded before import = 0
Number of asset objects unloaded after import = 13
========================================================================
Received Import Request.
  Time since last request: 0.000031 seconds.
  path: Assets/Decorations/car_white.fbx
  artifactKey: Guid(4e0a22c1027c18f42bbe8ab97830e1c9) Importer(815301076,1909f56bfc062723c751e8b465ee728b)
Start importing Assets/Decorations/car_white.fbx using Guid(4e0a22c1027c18f42bbe8ab97830e1c9) Importer(815301076,1909f56bfc062723c751e8b465ee728b)  -> (artifact id: '8538add5644d67bb2505f11f80a13e7d') in 0.005458 seconds
Number of updated asset objects reloaded before import = 0
Number of asset objects unloaded after import = 13
========================================================================
Received Import Request.
  Time since last request: 0.000025 seconds.
  path: Assets/Decorations/road_intersection_L.fbx
  artifactKey: Guid(4d8e62f5885b4c746ad9a100c401d90b) Importer(815301076,1909f56bfc062723c751e8b465ee728b)
Start importing Assets/Decorations/road_intersection_L.fbx using Guid(4d8e62f5885b4c746ad9a100c401d90b) Importer(815301076,1909f56bfc062723c751e8b465ee728b)  -> (artifact id: 'fa17eee1cb0b0637cf9a8efe0d0d39cb') in 0.004347 seconds
Number of updated asset objects reloaded before import = 0
Number of asset objects unloaded after import = 12
========================================================================
Received Import Request.
  Time since last request: 0.702658 seconds.
  path: Assets/Decorations/sign_1.002.fbx
  artifactKey: Guid(dcb918f8d55b65f4f99583e56734aa7a) Importer(815301076,1909f56bfc062723c751e8b465ee728b)
Start importing Assets/Decorations/sign_1.002.fbx using Guid(dcb918f8d55b65f4f99583e56734aa7a) Importer(815301076,1909f56bfc062723c751e8b465ee728b)  -> (artifact id: '633655a8c5d9cd37d209f7498459be1e') in 0.005355 seconds
Number of updated asset objects reloaded before import = 0
Number of asset objects unloaded after import = 11
========================================================================
Received Import Request.
  Time since last request: 0.000041 seconds.
  path: Assets/Decorations/sign_1.004.fbx
  artifactKey: Guid(8b54eecba4ddca440adffcc154a19ab1) Importer(815301076,1909f56bfc062723c751e8b465ee728b)
Start importing Assets/Decorations/sign_1.004.fbx using Guid(8b54eecba4ddca440adffcc154a19ab1) Importer(815301076,1909f56bfc062723c751e8b465ee728b)  -> (artifact id: 'b3bd12913d5e7abff8a548f1067a2eef') in 0.005301 seconds
Number of updated asset objects reloaded before import = 0
Number of asset objects unloaded after import = 11
========================================================================
Received Import Request.
  Time since last request: 0.000030 seconds.
  path: Assets/Decorations/street_lamp_2.fbx
  artifactKey: Guid(48517754e0e013546accce0287ea9c2f) Importer(815301076,1909f56bfc062723c751e8b465ee728b)
Start importing Assets/Decorations/street_lamp_2.fbx using Guid(48517754e0e013546accce0287ea9c2f) Importer(815301076,1909f56bfc062723c751e8b465ee728b)  -> (artifact id: '353f7992cf2578d5a1ebd2cf775f1760') in 0.005028 seconds
Number of updated asset objects reloaded before import = 0
Number of asset objects unloaded after import = 11
========================================================================
Received Import Request.
  Time since last request: 0.000088 seconds.
  path: Assets/Decorations/street_lamp_1.fbx
  artifactKey: Guid(e05292a117908484b8f0bb664bf154ff) Importer(815301076,1909f56bfc062723c751e8b465ee728b)
Start importing Assets/Decorations/street_lamp_1.fbx using Guid(e05292a117908484b8f0bb664bf154ff) Importer(815301076,1909f56bfc062723c751e8b465ee728b)  -> (artifact id: '4c6641812667d4d1f81aa2d7dd1881c7') in 0.005242 seconds
Number of updated asset objects reloaded before import = 0
Number of asset objects unloaded after import = 10
========================================================================
Received Import Request.
  Time since last request: 0.034154 seconds.
  path: Assets/Decorations/tree_3.fbx
  artifactKey: Guid(d7c673489ae779f4981703d07a67fa6d) Importer(815301076,1909f56bfc062723c751e8b465ee728b)
Start importing Assets/Decorations/tree_3.fbx using Guid(d7c673489ae779f4981703d07a67fa6d) Importer(815301076,1909f56bfc062723c751e8b465ee728b)  -> (artifact id: '5d2023881abdfb03eaa99b172b7c9eff') in 0.005069 seconds
Number of updated asset objects reloaded before import = 0
Number of asset objects unloaded after import = 11
========================================================================
Received Import Request.
  Time since last request: 0.000105 seconds.
  path: Assets/Decorations/tree_6.fbx
  artifactKey: Guid(1c4a01c675c9bad4f866874a3de82730) Importer(815301076,1909f56bfc062723c751e8b465ee728b)
Start importing Assets/Decorations/tree_6.fbx using Guid(1c4a01c675c9bad4f866874a3de82730) Importer(815301076,1909f56bfc062723c751e8b465ee728b)  -> (artifact id: '7f98b0a00714eb541821d3eae65e9952') in 0.005273 seconds
Number of updated asset objects reloaded before import = 0
Number of asset objects unloaded after import = 11
========================================================================
Received Import Request.
  Time since last request: 0.000024 seconds.
  path: Assets/Decorations/tree_5.fbx
  artifactKey: Guid(a85384746d57ef7429c0b6665941555c) Importer(815301076,1909f56bfc062723c751e8b465ee728b)
Start importing Assets/Decorations/tree_5.fbx using Guid(a85384746d57ef7429c0b6665941555c) Importer(815301076,1909f56bfc062723c751e8b465ee728b)  -> (artifact id: '5a61d089cc029b2b386df90f1b3adedb') in 0.004951 seconds
Number of updated asset objects reloaded before import = 0
Number of asset objects unloaded after import = 11
========================================================================
Received Import Request.
  Time since last request: 68.426498 seconds.
  path: Assets/small_town_america/general/materials/general_damage_ground_1.mat
  artifactKey: Guid(f73cff647ed4f264bb55f23ca72992bc) Importer(815301076,1909f56bfc062723c751e8b465ee728b)
Start importing Assets/small_town_america/general/materials/general_damage_ground_1.mat using Guid(f73cff647ed4f264bb55f23ca72992bc) Importer(815301076,1909f56bfc062723c751e8b465ee728b)  -> (artifact id: '10704c405d9cdcbd4404655128b67030') in 0.295176 seconds
Number of updated asset objects reloaded before import = 0
Number of asset objects unloaded after import = 4
========================================================================
Received Import Request.
  Time since last request: 0.000031 seconds.
  path: Assets/small_town_america/general/materials/general_flagpole_m.mat
  artifactKey: Guid(19c2479f4ac57894e9205d9238d25ec2) Importer(815301076,1909f56bfc062723c751e8b465ee728b)
Start importing Assets/small_town_america/general/materials/general_flagpole_m.mat using Guid(19c2479f4ac57894e9205d9238d25ec2) Importer(815301076,1909f56bfc062723c751e8b465ee728b)  -> (artifact id: '33d9c67dd4781b4b353a6c36e32dc191') in 0.172719 seconds
Number of updated asset objects reloaded before import = 0
Number of asset objects unloaded after import = 4
========================================================================
Received Import Request.
  Time since last request: 0.000030 seconds.
  path: Assets/small_town_america/general/materials/general_damage_ground_2.mat
  artifactKey: Guid(18d1070a4339b1648b99809e0cb962a3) Importer(815301076,1909f56bfc062723c751e8b465ee728b)
Start importing Assets/small_town_america/general/materials/general_damage_ground_2.mat using Guid(18d1070a4339b1648b99809e0cb962a3) Importer(815301076,1909f56bfc062723c751e8b465ee728b)  -> (artifact id: 'f72ba7e0b58427e907438208d8aace2b') in 0.004798 seconds
Number of updated asset objects reloaded before import = 0
Number of asset objects unloaded after import = 4
========================================================================
Received Import Request.
  Time since last request: 0.000047 seconds.
  path: Assets/small_town_america/general/materials/street_pavement.mat
  artifactKey: Guid(db31076ba1760ef4f9c335f799c085ec) Importer(815301076,1909f56bfc062723c751e8b465ee728b)
Start importing Assets/small_town_america/general/materials/street_pavement.mat using Guid(db31076ba1760ef4f9c335f799c085ec) Importer(815301076,1909f56bfc062723c751e8b465ee728b)  -> (artifact id: '6eee56c7ce2de6126ed6adaa0c3dc564') in 0.007571 seconds
Number of updated asset objects reloaded before import = 0
Number of asset objects unloaded after import = 4
========================================================================
Received Import Request.
  Time since last request: 0.000067 seconds.
  path: Assets/small_town_america/general/materials/street_decal_2.mat
  artifactKey: Guid(029674896a135ef4180cfe29a7239a50) Importer(815301076,1909f56bfc062723c751e8b465ee728b)
Start importing Assets/small_town_america/general/materials/street_decal_2.mat using Guid(029674896a135ef4180cfe29a7239a50) Importer(815301076,1909f56bfc062723c751e8b465ee728b)  -> (artifact id: 'edaadc29be46d574b3a8716e44153291') in 0.004474 seconds
Number of updated asset objects reloaded before import = 0
Number of asset objects unloaded after import = 4
========================================================================
Received Import Request.
  Time since last request: 0.000041 seconds.
  path: Assets/small_town_america/general/materials/sidewalk_markings.mat
  artifactKey: Guid(c1ee70dfa8eaa764cac686b842614f4c) Importer(815301076,1909f56bfc062723c751e8b465ee728b)
Start importing Assets/small_town_america/general/materials/sidewalk_markings.mat using Guid(c1ee70dfa8eaa764cac686b842614f4c) Importer(815301076,1909f56bfc062723c751e8b465ee728b)  -> (artifact id: 'a2e687ff3c96aa38bd1010361ee669b7') in 0.007216 seconds
Number of updated asset objects reloaded before import = 0
Number of asset objects unloaded after import = 4
========================================================================
Received Import Request.
  Time since last request: 0.000031 seconds.
  path: Assets/small_town_america/general/materials/general_rope_flag_m.mat
  artifactKey: Guid(5391500aea8116749abe517b3f51b3d9) Importer(815301076,1909f56bfc062723c751e8b465ee728b)
Start importing Assets/small_town_america/general/materials/general_rope_flag_m.mat using Guid(5391500aea8116749abe517b3f51b3d9) Importer(815301076,1909f56bfc062723c751e8b465ee728b)  -> (artifact id: '04264a3b7b065a0b07cb7a88b394f0f2') in 0.003897 seconds
Number of updated asset objects reloaded before import = 0
Number of asset objects unloaded after import = 4
========================================================================
Received Import Request.
  Time since last request: 0.000036 seconds.
  path: Assets/small_town_america/general/materials/general_flag_m.mat
  artifactKey: Guid(5109fdd91840ac040b590a1e77e2638a) Importer(815301076,1909f56bfc062723c751e8b465ee728b)
Start importing Assets/small_town_america/general/materials/general_flag_m.mat using Guid(5109fdd91840ac040b590a1e77e2638a) Importer(815301076,1909f56bfc062723c751e8b465ee728b)  -> (artifact id: '455e3c6037520343ba718840309bbf4d') in 0.005132 seconds
Number of updated asset objects reloaded before import = 0
Number of asset objects unloaded after import = 4
========================================================================
Received Import Request.
  Time since last request: 0.000035 seconds.
  path: Assets/small_town_america/general/materials/road_signs.mat
  artifactKey: Guid(ebabcc09fc1d6024d8fbea921ac77f89) Importer(815301076,1909f56bfc062723c751e8b465ee728b)
Start importing Assets/small_town_america/general/materials/road_signs.mat using Guid(ebabcc09fc1d6024d8fbea921ac77f89) Importer(815301076,1909f56bfc062723c751e8b465ee728b)  -> (artifact id: '7915f35da4571c99aa5915c80b5b3e58') in 0.286399 seconds
Number of updated asset objects reloaded before import = 0
Number of asset objects unloaded after import = 4
========================================================================
Received Import Request.
  Time since last request: 4.299588 seconds.
  path: Assets/small_town_america/general/models/street/general_street_3_way_no_sidewalk.fbx
  artifactKey: Guid(dde7cc19a36f955469bb3fff3f2d29ec) Importer(815301076,1909f56bfc062723c751e8b465ee728b)
Start importing Assets/small_town_america/general/models/street/general_street_3_way_no_sidewalk.fbx using Guid(dde7cc19a36f955469bb3fff3f2d29ec) Importer(815301076,1909f56bfc062723c751e8b465ee728b)  -> (artifact id: 'f17dd2a1708396fa180fa982fa9efeb9') in 0.015840 seconds
Number of updated asset objects reloaded before import = 0
Number of asset objects unloaded after import = 15
========================================================================
Received Import Request.
  Time since last request: 0.000027 seconds.
  path: Assets/small_town_america/general/models/street/general_street_straight_no_sidewalk_long.fbx
  artifactKey: Guid(af737ec27fbf0af43acdb172eda053c5) Importer(815301076,1909f56bfc062723c751e8b465ee728b)
Start importing Assets/small_town_america/general/models/street/general_street_straight_no_sidewalk_long.fbx using Guid(af737ec27fbf0af43acdb172eda053c5) Importer(815301076,1909f56bfc062723c751e8b465ee728b)  -> (artifact id: '1d7a7cafcda16eb6586ba6d2ded6f6b4') in 0.013486 seconds
Number of updated asset objects reloaded before import = 0
Number of asset objects unloaded after import = 15
========================================================================
Received Import Request.
  Time since last request: 0.000028 seconds.
  path: Assets/small_town_america/general/models/street/general_street_crossing_w_sidewalk.fbx
  artifactKey: Guid(321883f7aba6cbb4488b5f2c40654ace) Importer(815301076,1909f56bfc062723c751e8b465ee728b)
Start importing Assets/small_town_america/general/models/street/general_street_crossing_w_sidewalk.fbx using Guid(321883f7aba6cbb4488b5f2c40654ace) Importer(815301076,1909f56bfc062723c751e8b465ee728b)  -> (artifact id: '120b7361f7c4aacefff696b6e2ee9a9d') in 0.014229 seconds
Number of updated asset objects reloaded before import = 0
Number of asset objects unloaded after import = 15
========================================================================
Received Import Request.
  Time since last request: 0.000056 seconds.
  path: Assets/small_town_america/general/models/street/general_street_crossing_no_markings.fbx
  artifactKey: Guid(89ddfff65d6074a41a2f3f1b7c8bc51c) Importer(815301076,1909f56bfc062723c751e8b465ee728b)
Start importing Assets/small_town_america/general/models/street/general_street_crossing_no_markings.fbx using Guid(89ddfff65d6074a41a2f3f1b7c8bc51c) Importer(815301076,1909f56bfc062723c751e8b465ee728b)  -> (artifact id: '2fcf6fa14689d0089ceba958c47e470c') in 0.009108 seconds
Number of updated asset objects reloaded before import = 0
Number of asset objects unloaded after import = 11
========================================================================
Received Import Request.
  Time since last request: 0.000034 seconds.
  path: Assets/small_town_america/general/models/street/general_street_corner_no_sidewalk.fbx
  artifactKey: Guid(5c0b1057a51cdfe4f9d0e32b147efb4c) Importer(815301076,1909f56bfc062723c751e8b465ee728b)
Start importing Assets/small_town_america/general/models/street/general_street_corner_no_sidewalk.fbx using Guid(5c0b1057a51cdfe4f9d0e32b147efb4c) Importer(815301076,1909f56bfc062723c751e8b465ee728b)  -> (artifact id: 'c32f60a33d4c088654c74caa947168cf') in 0.013142 seconds
Number of updated asset objects reloaded before import = 0
Number of asset objects unloaded after import = 15
========================================================================
Received Import Request.
  Time since last request: 0.000028 seconds.
  path: Assets/small_town_america/general/models/street/general_street_straight_w_sidewalk_long.fbx
  artifactKey: Guid(0656a7e5759ccaf40a463b72bbf3a345) Importer(815301076,1909f56bfc062723c751e8b465ee728b)
Start importing Assets/small_town_america/general/models/street/general_street_straight_w_sidewalk_long.fbx using Guid(0656a7e5759ccaf40a463b72bbf3a345) Importer(815301076,1909f56bfc062723c751e8b465ee728b)  -> (artifact id: 'd3f4e426447f0d65829a24ebadaebad7') in 0.013522 seconds
Number of updated asset objects reloaded before import = 0
Number of asset objects unloaded after import = 15
Editor requested this worker to shutdown with reason: Scaling down because of idle timeout
TcpMessagingSession - receive error: operation aborted. errorcode: 89, details: Operation aborted.
AssetImportWorker is now disconnected from the server
Process exiting
